build/intermediates/manifest_merge_blame_file/debug/manifest-merger-blame-debug-report.txt
1<?xml version="1.0" encoding="utf-8"?>
2<manifest xmlns:android="http://schemas.android.com/apk/res/android"
3    package="com.example.pac_desarrollo"
4    android:versionCode="1"
5    android:versionName="1.0" >
6
7    <uses-sdk
8        android:minSdkVersion="16"
8-->src\main\AndroidManifest.xml
9        android:targetSdkVersion="30" />
9-->src\main\AndroidManifest.xml
10    //permiso uso de camnara
11    <uses-permission android:name="android.permission.CAMERA" />
11-->src\main\AndroidManifest.xml:6:5-65
11-->src\main\AndroidManifest.xml:6:22-62
12
13    <uses-feature
13-->src\main\AndroidManifest.xml:8:5-10:35
14        android:name="android.hardware.camera.any"
14-->src\main\AndroidManifest.xml:9:9-51
15        android:required="true" />
15-->src\main\AndroidManifest.xml:10:9-32
16
17    <application
17-->src\main\AndroidManifest.xml:12:5-37:19
18        android:allowBackup="true"
18-->src\main\AndroidManifest.xml:13:9-35
19        android:appComponentFactory="androidx.core.app.CoreComponentFactory"
19-->[androidx.core:core:1.3.2] AndroidManifest.xml:24:18-86
20        android:debuggable="true"
21        android:icon="@mipmap/ic_launcher"
21-->src\main\AndroidManifest.xml:14:9-43
22        android:label="@string/app_name"
22-->src\main\AndroidManifest.xml:15:9-41
23        android:roundIcon="@mipmap/ic_launcher_round"
23-->src\main\AndroidManifest.xml:16:9-54
24        android:supportsRtl="true"
24-->src\main\AndroidManifest.xml:17:9-35
25        android:testOnly="true"
26        android:theme="@style/Theme.PAC_DESARROLLO" >
26-->src\main\AndroidManifest.xml:18:9-52
27        <activity android:name="com.example.pac_desarrollo.Main2ConsultarActivity" />
27-->src\main\AndroidManifest.xml:19:9-69
27-->src\main\AndroidManifest.xml:19:19-57
28        <activity android:name="com.example.pac_desarrollo.Main2InsertActivity" />
28-->src\main\AndroidManifest.xml:20:9-57
28-->src\main\AndroidManifest.xml:20:19-54
29        <activity
29-->src\main\AndroidManifest.xml:21:9-23:52
30            android:name="com.example.pac_desarrollo.MainActivity2"
30-->src\main\AndroidManifest.xml:22:13-42
31            android:screenOrientation="portrait" />
31-->src\main\AndroidManifest.xml:23:13-49
32        <activity android:name="com.example.pac_desarrollo.MainActivity4" />
32-->src\main\AndroidManifest.xml:24:9-51
32-->src\main\AndroidManifest.xml:24:19-48
33        <activity
33-->src\main\AndroidManifest.xml:25:9-27:52
34            android:name="com.example.pac_desarrollo.MainActivity3"
34-->src\main\AndroidManifest.xml:26:13-42
35            android:screenOrientation="portrait" />
35-->src\main\AndroidManifest.xml:27:13-49
36        <activity
36-->src\main\AndroidManifest.xml:28:9-36:20
37            android:name="com.example.pac_desarrollo.MainActivity"
37-->src\main\AndroidManifest.xml:29:13-41
38            android:screenOrientation="portrait" >
38-->src\main\AndroidManifest.xml:30:13-49
39            <intent-filter>
39-->src\main\AndroidManifest.xml:31:13-35:29
40                <action android:name="android.intent.action.MAIN" />
40-->src\main\AndroidManifest.xml:32:17-69
40-->src\main\AndroidManifest.xml:32:25-66
41
42                <category android:name="android.intent.category.LAUNCHER" />
42-->src\main\AndroidManifest.xml:34:17-77
42-->src\main\AndroidManifest.xml:34:27-74
43            </intent-filter>
44        </activity>
45    </application>
46
47</manifest>